{"/Users/cody/Projects/unaffected.io/src/bus.js": {"path":"/Users/cody/Projects/unaffected.io/src/bus.js","statementMap":{"0":{"start":{"line":1,"column":0},"end":{"line":77,"column":2}},"1":{"start":{"line":6,"column":24},"end":{"line":6,"column":26}},"2":{"start":{"line":13,"column":15},"end":{"line":24,"column":3}},"3":{"start":{"line":14,"column":4},"end":{"line":23,"column":9}},"4":{"start":{"line":15,"column":31},"end":{"line":15,"column":57}},"5":{"start":{"line":17,"column":8},"end":{"line":17,"column":33}},"6":{"start":{"line":18,"column":8},"end":{"line":18,"column":35}},"7":{"start":{"line":20,"column":8},"end":{"line":22,"column":9}},"8":{"start":{"line":21,"column":10},"end":{"line":21,"column":28}},"9":{"start":{"line":32,"column":14},"end":{"line":40,"column":3}},"10":{"start":{"line":33,"column":18},"end":{"line":35,"column":6}},"11":{"start":{"line":34,"column":6},"end":{"line":34,"column":82}},"12":{"start":{"line":37,"column":4},"end":{"line":39,"column":5}},"13":{"start":{"line":38,"column":6},"end":{"line":38,"column":37}},"14":{"start":{"line":48,"column":13},"end":{"line":54,"column":3}},"15":{"start":{"line":49,"column":4},"end":{"line":53,"column":7}},"16":{"start":{"line":62,"column":15},"end":{"line":68,"column":3}},"17":{"start":{"line":63,"column":4},"end":{"line":67,"column":7}},"18":{"start":{"line":70,"column":2},"end":{"line":76,"column":4}}},"fnMap":{"0":{"name":"(anonymous_0)","decl":{"start":{"line":1,"column":17},"end":{"line":1,"column":18}},"loc":{"start":{"line":1,"column":23},"end":{"line":77,"column":1}},"line":1},"1":{"name":"(anonymous_1)","decl":{"start":{"line":13,"column":15},"end":{"line":13,"column":16}},"loc":{"start":{"line":13,"column":31},"end":{"line":24,"column":3}},"line":13},"2":{"name":"(anonymous_2)","decl":{"start":{"line":15,"column":14},"end":{"line":15,"column":15}},"loc":{"start":{"line":15,"column":31},"end":{"line":15,"column":57}},"line":15},"3":{"name":"(anonymous_3)","decl":{"start":{"line":16,"column":15},"end":{"line":16,"column":16}},"loc":{"start":{"line":16,"column":31},"end":{"line":23,"column":7}},"line":16},"4":{"name":"(anonymous_4)","decl":{"start":{"line":32,"column":14},"end":{"line":32,"column":15}},"loc":{"start":{"line":32,"column":37},"end":{"line":40,"column":3}},"line":32},"5":{"name":"(anonymous_5)","decl":{"start":{"line":33,"column":42},"end":{"line":33,"column":43}},"loc":{"start":{"line":33,"column":58},"end":{"line":35,"column":5}},"line":33},"6":{"name":"(anonymous_6)","decl":{"start":{"line":48,"column":13},"end":{"line":48,"column":14}},"loc":{"start":{"line":48,"column":36},"end":{"line":54,"column":3}},"line":48},"7":{"name":"(anonymous_7)","decl":{"start":{"line":62,"column":15},"end":{"line":62,"column":16}},"loc":{"start":{"line":62,"column":38},"end":{"line":68,"column":3}},"line":62}},"branchMap":{"0":{"loc":{"start":{"line":20,"column":8},"end":{"line":22,"column":9}},"type":"if","locations":[{"start":{"line":20,"column":8},"end":{"line":22,"column":9}},{"start":{"line":20,"column":8},"end":{"line":22,"column":9}}],"line":20},"1":{"loc":{"start":{"line":34,"column":14},"end":{"line":34,"column":80}},"type":"binary-expr","locations":[{"start":{"line":34,"column":15},"end":{"line":34,"column":41}},{"start":{"line":34,"column":47},"end":{"line":34,"column":79}}],"line":34},"2":{"loc":{"start":{"line":37,"column":4},"end":{"line":39,"column":5}},"type":"if","locations":[{"start":{"line":37,"column":4},"end":{"line":39,"column":5}},{"start":{"line":37,"column":4},"end":{"line":39,"column":5}}],"line":37}},"s":{"0":1,"1":4,"2":4,"3":4,"4":3,"5":3,"6":3,"7":3,"8":1,"9":4,"10":4,"11":6,"12":4,"13":3,"14":4,"15":4,"16":4,"17":1,"18":4},"f":{"0":4,"1":4,"2":3,"3":3,"4":4,"5":6,"6":4,"7":1},"b":{"0":[1,2],"1":[6,3],"2":[3,1]},"_coverageSchema":"332fd63041d2c1bcb487cc26dd0d5f7d97098a6c","hash":"6cafbedbb2364d9ee0f4bd2dfc5a7a2c73eb8a1f"}
,"/Users/cody/Projects/unaffected.io/src/client.js": {"path":"/Users/cody/Projects/unaffected.io/src/client.js","statementMap":{"0":{"start":{"line":1,"column":0},"end":{"line":66,"column":2}},"1":{"start":{"line":8,"column":18},"end":{"line":14,"column":3}},"2":{"start":{"line":9,"column":18},"end":{"line":9,"column":34}},"3":{"start":{"line":10,"column":4},"end":{"line":13,"column":7}},"4":{"start":{"line":21,"column":15},"end":{"line":28,"column":3}},"5":{"start":{"line":22,"column":20},"end":{"line":25,"column":6}},"6":{"start":{"line":27,"column":4},"end":{"line":27,"column":25}},"7":{"start":{"line":34,"column":16},"end":{"line":43,"column":3}},"8":{"start":{"line":35,"column":16},"end":{"line":40,"column":5}},"9":{"start":{"line":42,"column":4},"end":{"line":42,"column":34}},"10":{"start":{"line":45,"column":2},"end":{"line":49,"column":3}},"11":{"start":{"line":46,"column":4},"end":{"line":46,"column":48}},"12":{"start":{"line":48,"column":4},"end":{"line":48,"column":31}},"13":{"start":{"line":51,"column":17},"end":{"line":61,"column":3}},"14":{"start":{"line":63,"column":2},"end":{"line":63,"column":57}},"15":{"start":{"line":65,"column":2},"end":{"line":65,"column":16}}},"fnMap":{"0":{"name":"(anonymous_0)","decl":{"start":{"line":1,"column":17},"end":{"line":1,"column":18}},"loc":{"start":{"line":1,"column":34},"end":{"line":66,"column":1}},"line":1},"1":{"name":"(anonymous_1)","decl":{"start":{"line":8,"column":18},"end":{"line":8,"column":19}},"loc":{"start":{"line":8,"column":41},"end":{"line":14,"column":3}},"line":8},"2":{"name":"(anonymous_2)","decl":{"start":{"line":21,"column":15},"end":{"line":21,"column":16}},"loc":{"start":{"line":21,"column":31},"end":{"line":28,"column":3}},"line":21},"3":{"name":"(anonymous_3)","decl":{"start":{"line":34,"column":16},"end":{"line":34,"column":17}},"loc":{"start":{"line":34,"column":22},"end":{"line":43,"column":3}},"line":34}},"branchMap":{},"s":{"0":1,"1":3,"2":1,"3":1,"4":3,"5":1,"6":1,"7":3,"8":1,"9":1,"10":3,"11":3,"12":3,"13":3,"14":3,"15":3},"f":{"0":3,"1":1,"2":1,"3":1},"b":{},"_coverageSchema":"332fd63041d2c1bcb487cc26dd0d5f7d97098a6c","hash":"ceaa7b1178d19aad2d4e56c0b3d01c5fb8d178ae"}
,"/Users/cody/Projects/unaffected.io/src/store.js": {"path":"/Users/cody/Projects/unaffected.io/src/store.js","statementMap":{"0":{"start":{"line":1,"column":0},"end":{"line":68,"column":2}},"1":{"start":{"line":2,"column":2},"end":{"line":4,"column":3}},"2":{"start":{"line":3,"column":4},"end":{"line":3,"column":53}},"3":{"start":{"line":6,"column":15},"end":{"line":6,"column":17}},"4":{"start":{"line":7,"column":23},"end":{"line":7,"column":25}},"5":{"start":{"line":8,"column":20},"end":{"line":8,"column":22}},"6":{"start":{"line":9,"column":16},"end":{"line":9,"column":21}},"7":{"start":{"line":16,"column":17},"end":{"line":24,"column":3}},"8":{"start":{"line":17,"column":19},"end":{"line":17,"column":47}},"9":{"start":{"line":18,"column":4},"end":{"line":18,"column":65}},"10":{"start":{"line":18,"column":39},"end":{"line":18,"column":63}},"11":{"start":{"line":20,"column":4},"end":{"line":23,"column":7}},"12":{"start":{"line":32,"column":18},"end":{"line":38,"column":3}},"13":{"start":{"line":33,"column":4},"end":{"line":35,"column":5}},"14":{"start":{"line":34,"column":6},"end":{"line":34,"column":39}},"15":{"start":{"line":37,"column":4},"end":{"line":37,"column":28}},"16":{"start":{"line":44,"column":14},"end":{"line":44,"column":25}},"17":{"start":{"line":44,"column":20},"end":{"line":44,"column":25}},"18":{"start":{"line":50,"column":18},"end":{"line":50,"column":28}},"19":{"start":{"line":50,"column":24},"end":{"line":50,"column":28}},"20":{"start":{"line":57,"column":19},"end":{"line":59,"column":3}},"21":{"start":{"line":58,"column":4},"end":{"line":58,"column":25}},"22":{"start":{"line":61,"column":2},"end":{"line":67,"column":4}}},"fnMap":{"0":{"name":"(anonymous_0)","decl":{"start":{"line":1,"column":17},"end":{"line":1,"column":18}},"loc":{"start":{"line":1,"column":33},"end":{"line":68,"column":1}},"line":1},"1":{"name":"(anonymous_1)","decl":{"start":{"line":16,"column":17},"end":{"line":16,"column":18}},"loc":{"start":{"line":16,"column":33},"end":{"line":24,"column":3}},"line":16},"2":{"name":"(anonymous_2)","decl":{"start":{"line":18,"column":32},"end":{"line":18,"column":33}},"loc":{"start":{"line":18,"column":39},"end":{"line":18,"column":63}},"line":18},"3":{"name":"(anonymous_3)","decl":{"start":{"line":32,"column":18},"end":{"line":32,"column":19}},"loc":{"start":{"line":32,"column":32},"end":{"line":38,"column":3}},"line":32},"4":{"name":"(anonymous_4)","decl":{"start":{"line":44,"column":14},"end":{"line":44,"column":15}},"loc":{"start":{"line":44,"column":20},"end":{"line":44,"column":25}},"line":44},"5":{"name":"(anonymous_5)","decl":{"start":{"line":50,"column":18},"end":{"line":50,"column":19}},"loc":{"start":{"line":50,"column":24},"end":{"line":50,"column":28}},"line":50},"6":{"name":"(anonymous_6)","decl":{"start":{"line":57,"column":19},"end":{"line":57,"column":20}},"loc":{"start":{"line":57,"column":33},"end":{"line":59,"column":3}},"line":57}},"branchMap":{"0":{"loc":{"start":{"line":1,"column":18},"end":{"line":1,"column":28}},"type":"default-arg","locations":[{"start":{"line":1,"column":26},"end":{"line":1,"column":28}}],"line":1},"1":{"loc":{"start":{"line":2,"column":2},"end":{"line":4,"column":3}},"type":"if","locations":[{"start":{"line":2,"column":2},"end":{"line":4,"column":3}},{"start":{"line":2,"column":2},"end":{"line":4,"column":3}}],"line":2},"2":{"loc":{"start":{"line":33,"column":4},"end":{"line":35,"column":5}},"type":"if","locations":[{"start":{"line":33,"column":4},"end":{"line":35,"column":5}},{"start":{"line":33,"column":4},"end":{"line":35,"column":5}}],"line":33}},"s":{"0":1,"1":5,"2":1,"3":4,"4":4,"5":4,"6":4,"7":4,"8":3,"9":3,"10":3,"11":3,"12":4,"13":2,"14":1,"15":1,"16":4,"17":3,"18":4,"19":1,"20":4,"21":2,"22":4},"f":{"0":5,"1":3,"2":3,"3":2,"4":3,"5":1,"6":2},"b":{"0":[1],"1":[1,4],"2":[1,1]},"_coverageSchema":"332fd63041d2c1bcb487cc26dd0d5f7d97098a6c","hash":"96af6955e48dea41ccbd1b620215923d9a62a333"}
}
