TN:
SF:/Users/cody/Projects/unaffected.io/src/bus.js
FN:1,(anonymous_0)
FN:13,(anonymous_1)
FN:15,(anonymous_2)
FN:16,(anonymous_3)
FN:32,(anonymous_4)
FN:33,(anonymous_5)
FN:48,(anonymous_6)
FN:62,(anonymous_7)
FNF:8
FNH:8
FNDA:4,(anonymous_0)
FNDA:4,(anonymous_1)
FNDA:3,(anonymous_2)
FNDA:3,(anonymous_3)
FNDA:4,(anonymous_4)
FNDA:6,(anonymous_5)
FNDA:4,(anonymous_6)
FNDA:1,(anonymous_7)
DA:1,1
DA:6,4
DA:13,4
DA:14,4
DA:15,3
DA:17,3
DA:18,3
DA:20,3
DA:21,1
DA:32,4
DA:33,4
DA:34,6
DA:37,4
DA:38,3
DA:48,4
DA:49,4
DA:62,4
DA:63,1
DA:70,4
LF:19
LH:19
BRDA:20,0,0,1
BRDA:20,0,1,2
BRDA:34,1,0,6
BRDA:34,1,1,3
BRDA:37,2,0,3
BRDA:37,2,1,1
BRF:6
BRH:6
end_of_record
TN:
SF:/Users/cody/Projects/unaffected.io/src/client.js
FN:1,(anonymous_0)
FN:8,(anonymous_1)
FN:21,(anonymous_2)
FN:34,(anonymous_3)
FNF:4
FNH:4
FNDA:3,(anonymous_0)
FNDA:1,(anonymous_1)
FNDA:1,(anonymous_2)
FNDA:1,(anonymous_3)
DA:1,1
DA:8,3
DA:9,1
DA:10,1
DA:21,3
DA:22,1
DA:27,1
DA:34,3
DA:35,1
DA:42,1
DA:45,3
DA:46,3
DA:48,3
DA:51,3
DA:63,3
DA:65,3
LF:16
LH:16
BRF:0
BRH:0
end_of_record
TN:
SF:/Users/cody/Projects/unaffected.io/src/store.js
FN:1,(anonymous_0)
FN:16,(anonymous_1)
FN:18,(anonymous_2)
FN:32,(anonymous_3)
FN:44,(anonymous_4)
FN:50,(anonymous_5)
FN:57,(anonymous_6)
FNF:7
FNH:7
FNDA:5,(anonymous_0)
FNDA:3,(anonymous_1)
FNDA:3,(anonymous_2)
FNDA:2,(anonymous_3)
FNDA:3,(anonymous_4)
FNDA:1,(anonymous_5)
FNDA:2,(anonymous_6)
DA:1,1
DA:2,5
DA:3,1
DA:6,4
DA:7,4
DA:8,4
DA:9,4
DA:16,4
DA:17,3
DA:18,3
DA:20,3
DA:32,4
DA:33,2
DA:34,1
DA:37,1
DA:44,4
DA:50,4
DA:57,4
DA:58,2
DA:61,4
LF:20
LH:20
BRDA:1,0,0,1
BRDA:2,1,0,1
BRDA:2,1,1,4
BRDA:33,2,0,1
BRDA:33,2,1,1
BRF:5
BRH:5
end_of_record
